<?xml version="1.0" encoding="UTF-8"?>
<testsuite name="edu.ycp.cs320.TBAG.model.InventoryTest" tests="2" skipped="0" failures="0" errors="0" timestamp="2026-05-04T19:51:05.474Z" hostname="DESKTOP-7TL0CB2" time="0.005">
  <properties/>
  <testcase name="testAddAndSize()" classname="edu.ycp.cs320.TBAG.model.InventoryTest" time="0.002"/>
  <testcase name="testRemoveItem()" classname="edu.ycp.cs320.TBAG.model.InventoryTest" time="0.001"/>
  <system-out><![CDATA[]]></system-out>
  <system-err><![CDATA[]]></system-err>
</testsuite>
