<?xml version="1.0" encoding="UTF-8"?>
<testsuite name="edu.ycp.cs320.TBAG.controller.GameEngineTest" tests="3" skipped="0" failures="0" errors="0" timestamp="2026-03-30T18:48:38.941Z" hostname="OLIVERS-PC" time="0.052">
  <properties/>
  <testcase name="testInvalidMove()" classname="edu.ycp.cs320.TBAG.controller.GameEngineTest" time="0.031"/>
  <testcase name="testMoveWest()" classname="edu.ycp.cs320.TBAG.controller.GameEngineTest" time="0.01"/>
  <testcase name="testMoveNorth()" classname="edu.ycp.cs320.TBAG.controller.GameEngineTest" time="0.005"/>
  <system-out><![CDATA[]]></system-out>
  <system-err><![CDATA[]]></system-err>
</testsuite>
