<?xml version="1.0" encoding="UTF-8"?>
<testsuite name="edu.ycp.cs320.TBAG.model.MonsterTest" tests="2" skipped="0" failures="0" errors="0" timestamp="2026-05-04T19:51:05.493Z" hostname="DESKTOP-7TL0CB2" time="0.005">
  <properties/>
  <testcase name="testMonsterAttributes()" classname="edu.ycp.cs320.TBAG.model.MonsterTest" time="0.003"/>
  <testcase name="testTakeDamage()" classname="edu.ycp.cs320.TBAG.model.MonsterTest" time="0.001"/>
  <system-out><![CDATA[]]></system-out>
  <system-err><![CDATA[]]></system-err>
</testsuite>
