<?xml version="1.0" encoding="UTF-8"?>
<testsuite name="edu.ycp.cs320.TBAG.model.ItemTest" tests="2" skipped="0" failures="0" errors="0" timestamp="2026-05-04T19:51:05.481Z" hostname="DESKTOP-7TL0CB2" time="0.009">
  <properties/>
  <testcase name="testGetters()" classname="edu.ycp.cs320.TBAG.model.ItemTest" time="0.004"/>
  <testcase name="testSetters()" classname="edu.ycp.cs320.TBAG.model.ItemTest" time="0.001"/>
  <system-out><![CDATA[]]></system-out>
  <system-err><![CDATA[]]></system-err>
</testsuite>
