<?xml version="1.0" encoding="UTF-8"?>
<testsuite name="edu.ycp.cs320.TBAG.controller.GameEngineTest" tests="3" skipped="0" failures="0" errors="0" timestamp="2026-05-04T19:51:05.432Z" hostname="DESKTOP-7TL0CB2" time="0.014">
  <properties/>
  <testcase name="testInvalidMove()" classname="edu.ycp.cs320.TBAG.controller.GameEngineTest" time="0.002"/>
  <testcase name="testLockedDoorBlocksPlayer()" classname="edu.ycp.cs320.TBAG.controller.GameEngineTest" time="0.002"/>
  <testcase name="testUnlockAndMove()" classname="edu.ycp.cs320.TBAG.controller.GameEngineTest" time="0.006"/>
  <system-out><![CDATA[]]></system-out>
  <system-err><![CDATA[]]></system-err>
</testsuite>
